0 info it worked if it ends with ok
1 verbose cli [ 'c:\\Program Files\\nodejs\\node.exe',
1 verbose cli   'c:\\Program Files\\nodejs\\node_modules\\npm\\bin\\npm-cli.js',
1 verbose cli   'run',
1 verbose cli   'test',
1 verbose cli   '--',
1 verbose cli   '-b',
1 verbose cli   'firefox',
1 verbose cli   '-p',
1 verbose cli   'google' ]
2 info using npm@3.10.8
3 info using node@v6.9.1
4 verbose run-script [ 'pretest', 'test', 'posttest' ]
5 info lifecycle WebdriverIO-Boilerplate@1.0.0~pretest: WebdriverIO-Boilerplate@1.0.0
6 silly lifecycle WebdriverIO-Boilerplate@1.0.0~pretest: no script for pretest, continuing
7 info lifecycle WebdriverIO-Boilerplate@1.0.0~test: WebdriverIO-Boilerplate@1.0.0
8 verbose lifecycle WebdriverIO-Boilerplate@1.0.0~test: unsafe-perm in lifecycle true
9 verbose lifecycle WebdriverIO-Boilerplate@1.0.0~test: PATH: c:\Program Files\nodejs\node_modules\npm\bin\node-gyp-bin;d:\Automation\webdriverIO\WebdriverIO-Boilerplate\node_modules\.bin;c:\Users\sroy14\bin;.;C:\Program Files (x86)\Git\local\bin;C:\Program Files (x86)\Git\mingw\bin;C:\Program Files (x86)\Git\bin;C:\Program Files (x86)\Git\bin;c:\ProgramData\Oracle\Java\javapath;c:\windows\system32;c:\windows;c:\windows\System32\Wbem;c:\windows\System32\WindowsPowerShell\v1.0\;c:\Program Files\Intel\WiFi\bin\;c:\Program Files\Common Files\Intel\WirelessCommon\;c:\Program Files\Apache\Maven\bin;c:\Program Files\SourceGear\Common\DiffMerge\;c:\Program Files (x86)\Windows Kits\8.1\Windows Performance Toolkit\;c:\Program Files\nodejs\;c:\Users\sroy14\AppData\Local\atom\bin;c:\Program Files\Microsoft VS Code\bin;c:\Users\sroy14\AppData\Roaming\npm
10 verbose lifecycle WebdriverIO-Boilerplate@1.0.0~test: CWD: d:\Automation\webdriverIO\WebdriverIO-Boilerplate
11 silly lifecycle WebdriverIO-Boilerplate@1.0.0~test: Args: [ '/d /s /c',
11 silly lifecycle   'wdio webdriver.config.js "-b" "firefox" "-p" "google"' ]
12 silly lifecycle WebdriverIO-Boilerplate@1.0.0~test: Returned: code: 1  signal: null
13 info lifecycle WebdriverIO-Boilerplate@1.0.0~test: Failed to exec test script
14 verbose stack Error: WebdriverIO-Boilerplate@1.0.0 test: `wdio webdriver.config.js "-b" "firefox" "-p" "google"`
14 verbose stack Exit status 1
14 verbose stack     at EventEmitter.<anonymous> (c:\Program Files\nodejs\node_modules\npm\lib\utils\lifecycle.js:255:16)
14 verbose stack     at emitTwo (events.js:106:13)
14 verbose stack     at EventEmitter.emit (events.js:191:7)
14 verbose stack     at ChildProcess.<anonymous> (c:\Program Files\nodejs\node_modules\npm\lib\utils\spawn.js:40:14)
14 verbose stack     at emitTwo (events.js:106:13)
14 verbose stack     at ChildProcess.emit (events.js:191:7)
14 verbose stack     at maybeClose (internal/child_process.js:877:16)
14 verbose stack     at Process.ChildProcess._handle.onexit (internal/child_process.js:226:5)
15 verbose pkgid WebdriverIO-Boilerplate@1.0.0
16 verbose cwd d:\Automation\webdriverIO\WebdriverIO-Boilerplate
17 error Windows_NT 6.1.7601
18 error argv "c:\\Program Files\\nodejs\\node.exe" "c:\\Program Files\\nodejs\\node_modules\\npm\\bin\\npm-cli.js" "run" "test" "--" "-b" "firefox" "-p" "google"
19 error node v6.9.1
20 error npm  v3.10.8
21 error code ELIFECYCLE
22 error WebdriverIO-Boilerplate@1.0.0 test: `wdio webdriver.config.js "-b" "firefox" "-p" "google"`
22 error Exit status 1
23 error Failed at the WebdriverIO-Boilerplate@1.0.0 test script 'wdio webdriver.config.js "-b" "firefox" "-p" "google"'.
23 error Make sure you have the latest version of node.js and npm installed.
23 error If you do, this is most likely a problem with the WebdriverIO-Boilerplate package,
23 error not with npm itself.
23 error Tell the author that this fails on your system:
23 error     wdio webdriver.config.js "-b" "firefox" "-p" "google"
23 error You can get information on how to open an issue for this project with:
23 error     npm bugs WebdriverIO-Boilerplate
23 error Or if that isn't available, you can get their info via:
23 error     npm owner ls WebdriverIO-Boilerplate
23 error There is likely additional logging output above.
24 verbose exit [ 1, true ]
